<?xml version="1.0" encoding="UTF-8"?>
<!-- Generated by org.testng.reporters.JUnitReportReporter -->
<testsuite hostname="mac" failures="0" tests="1" name="demoblaze.tests.SignUp" time="4.188" errors="0" timestamp="2025-03-02T07:43:10 IST" skipped="0">
  <testcase classname="demoblaze.tests.SignUp" name="SignUpWithEmptyUsername" time="4.188"/>
</testsuite> <!-- demoblaze.tests.SignUp -->
