<?xml version="1.0" encoding="UTF-8"?>
<!-- Generated by org.testng.reporters.JUnitReportReporter -->
<testsuite hostname="mac" failures="0" tests="1" name="demoblaze.tests.Login" time="9.162" errors="0" timestamp="2025-03-02T08:44:16 IST" skipped="0">
  <testcase classname="demoblaze.tests.Login" name="LoginWithValidDetails" time="9.162"/>
</testsuite> <!-- demoblaze.tests.Login -->
