<?xml version="1.0" encoding="UTF-8"?>
<!-- Generated by org.testng.reporters.JUnitReportReporter -->
<testsuite hostname="mac" failures="0" tests="1" name="apiTests.ViewCartAPITest" time="2.797" errors="0" timestamp="2025-03-02T14:15:35 IST" skipped="0">
  <testcase classname="apiTests.ViewCartAPITest" name="testViewCart" time="2.797"/>
</testsuite> <!-- apiTests.ViewCartAPITest -->
