<?xml version="1.0" encoding="UTF-8"?>
<!-- Generated by org.testng.reporters.JUnitReportReporter -->
<testsuite hostname="mac" failures="0" tests="1" name="apiTests.AddtoCartApiTest" time="3.051" errors="0" timestamp="2025-03-02T14:14:09 IST" skipped="0">
  <testcase classname="apiTests.AddtoCartApiTest" name="testAddToCart" time="3.051"/>
</testsuite> <!-- apiTests.AddtoCartApiTest -->
