<?xml version="1.0" encoding="UTF-8"?>
<!-- Generated by org.testng.reporters.JUnitReportReporter -->
<testsuite hostname="mac" failures="0" tests="1" name="apiTests.DeleteCartTest" time="0.712" errors="0" timestamp="2025-03-02T15:26:46 IST" skipped="0">
  <testcase classname="apiTests.DeleteCartTest" name="testDeleteCart" time="0.712"/>
</testsuite> <!-- apiTests.DeleteCartTest -->
