<?xml version="1.0" encoding="UTF-8"?>
<!-- Generated by org.testng.reporters.JUnitReportReporter -->
<testsuite hostname="mac" failures="0" tests="1" name="demoblaze.tests.SignUp" time="6.806" errors="0" timestamp="2025-03-02T11:44:56 IST" skipped="0">
  <testcase classname="demoblaze.tests.SignUp" name="SignUpWithEmptyPassword" time="6.806"/>
</testsuite> <!-- demoblaze.tests.SignUp -->
