<?xml version="1.0" encoding="UTF-8"?>
<!-- Generated by org.testng.reporters.JUnitReportReporter -->
<testsuite hostname="mac" failures="0" tests="5" name="demoblaze.tests.SignUp" time="23.170" errors="0" timestamp="2025-03-02T15:24:45 IST" skipped="0">
  <testcase classname="demoblaze.tests.SignUp" name="SignUpWithValidDetails" time="5.395"/>
  <testcase classname="demoblaze.tests.SignUp" name="SignUpWithExistingUsername" time="5.379"/>
  <testcase classname="demoblaze.tests.SignUp" name="SignUpWithEmptyUsername" time="3.848"/>
  <testcase classname="demoblaze.tests.SignUp" name="SignUpWithEmptyPassword" time="3.654"/>
  <testcase classname="demoblaze.tests.SignUp" name="SignUpWithEmptyFields" time="4.894"/>
</testsuite> <!-- demoblaze.tests.SignUp -->
