<?xml version="1.0" encoding="UTF-8"?>
<!-- Generated by org.testng.reporters.JUnitReportReporter -->
<testsuite hostname="mac" failures="0" tests="1" name="apiTests.AddtoCartApiTest" time="0.858" errors="0" timestamp="2025-03-02T15:26:46 IST" skipped="0">
  <testcase classname="apiTests.AddtoCartApiTest" name="testAddToCart" time="0.858"/>
</testsuite> <!-- apiTests.AddtoCartApiTest -->
