<?xml version="1.0" encoding="UTF-8"?>
<!-- Generated by org.testng.reporters.JUnitReportReporter -->
<testsuite hostname="mac" failures="0" tests="1" name="demoblaze.tests.ShoppingCart" time="12.363" errors="0" timestamp="2025-03-02T08:05:44 IST" skipped="0">
  <testcase classname="demoblaze.tests.ShoppingCart" name="addMultipleProductsToCart" time="12.363"/>
</testsuite> <!-- demoblaze.tests.ShoppingCart -->
